nohup: ignoring input
nimble version 1.2.1 is loaded.
For more information on NIMBLE and a User Manual,
please visit https://R-nimble.org.

Note for advanced users who have written their own MCMC samplers:
  As of version 0.13.0, NIMBLE's protocol for handling posterior
  predictive nodes has changed in a way that could affect user-defined
  samplers in some situations. Please see Section 15.5.1 of the User Manual.

Attaching package: ‘nimble’

The following object is masked from ‘package:stats’:

    simulate

The following object is masked from ‘package:base’:

    declare

── Attaching core tidyverse packages ──────────────────────── tidyverse 2.0.0 ──
✔ dplyr     1.1.4     ✔ readr     2.1.5
✔ forcats   1.0.0     ✔ stringr   1.5.1
✔ ggplot2   3.5.1     ✔ tibble    3.2.1
✔ lubridate 1.9.3     ✔ tidyr     1.3.1
✔ purrr     1.0.2     
── Conflicts ────────────────────────────────────────── tidyverse_conflicts() ──
✖ dplyr::filter() masks stats::filter()
✖ dplyr::lag()    masks stats::lag()
ℹ Use the conflicted package (<http://conflicted.r-lib.org/>) to force all conflicts to become errors
Loading required package: Matrix

Attaching package: ‘Matrix’

The following objects are masked from ‘package:tidyr’:

    expand, pack, unpack

Error: object 'M' not found
Execution halted
